[0.126s] DEBUG:colcon:Command line arguments: ['/usr/bin/colcon', 'build', '--packages-select', 'uav_adaptive_control']
[0.126s] DEBUG:colcon:Parsed command line arguments: Namespace(log_base=None, log_level=None, verb_name='build', build_base='build', install_base='install', merge_install=False, symlink_install=False, test_result_base=None, continue_on_error=False, executor='parallel', parallel_workers=16, event_handlers=None, ignore_user_meta=False, metas=['./colcon.meta'], base_paths=['.'], packages_ignore=None, packages_ignore_regex=None, paths=None, packages_up_to=None, packages_up_to_regex=None, packages_above=None, packages_above_and_dependencies=None, packages_above_depth=None, packages_select_by_dep=None, packages_skip_by_dep=None, packages_skip_up_to=None, packages_select_build_failed=False, packages_skip_build_finished=False, packages_select_test_failures=False, packages_skip_test_passed=False, packages_select=['uav_adaptive_control'], packages_skip=None, packages_select_regex=None, packages_skip_regex=None, packages_start=None, packages_end=None, allow_overriding=[], cmake_args=None, cmake_target=None, cmake_target_skip_unavailable=False, cmake_clean_cache=False, cmake_clean_first=False, cmake_force_configure=False, ament_cmake_args=None, catkin_cmake_args=None, catkin_skip_building_tests=False, verb_parser=<colcon_defaults.argument_parser.defaults.DefaultArgumentsDecorator object at 0x7751d644ec20>, verb_extension=<colcon_core.verb.build.BuildVerb object at 0x7751d644e710>, main=<bound method BuildVerb.main of <colcon_core.verb.build.BuildVerb object at 0x7751d644e710>>)
[0.309s] Level 1:colcon.colcon_core.package_discovery:discover_packages(colcon_meta) check parameters
[0.309s] Level 1:colcon.colcon_core.package_discovery:discover_packages(recursive) check parameters
[0.309s] Level 1:colcon.colcon_core.package_discovery:discover_packages(ignore) check parameters
[0.309s] Level 1:colcon.colcon_core.package_discovery:discover_packages(path) check parameters
[0.309s] Level 1:colcon.colcon_core.package_discovery:discover_packages(colcon_meta) discover
[0.309s] Level 1:colcon.colcon_core.package_discovery:discover_packages(recursive) discover
[0.309s] INFO:colcon.colcon_core.package_discovery:Crawling recursively for packages in '/home/youssef/ros2_ws/src/uav_adaptive_control'
[0.309s] Level 1:colcon.colcon_core.package_identification:_identify(.) by extensions ['ignore', 'ignore_ament_install']
[0.310s] Level 1:colcon.colcon_core.package_identification:_identify(.) by extension 'ignore'
[0.310s] Level 1:colcon.colcon_core.package_identification:_identify(.) by extension 'ignore_ament_install'
[0.310s] Level 1:colcon.colcon_core.package_identification:_identify(.) by extensions ['colcon_pkg']
[0.310s] Level 1:colcon.colcon_core.package_identification:_identify(.) by extension 'colcon_pkg'
[0.310s] Level 1:colcon.colcon_core.package_identification:_identify(.) by extensions ['colcon_meta']
[0.310s] Level 1:colcon.colcon_core.package_identification:_identify(.) by extension 'colcon_meta'
[0.310s] Level 1:colcon.colcon_core.package_identification:_identify(.) by extensions ['ros']
[0.310s] Level 1:colcon.colcon_core.package_identification:_identify(.) by extension 'ros'
[0.351s] DEBUG:colcon.colcon_core.package_identification:Package '.' with type 'ros.ament_python' and name 'uav_adaptive_control'
[0.351s] Level 1:colcon.colcon_core.package_discovery:discover_packages(recursive) using defaults
[0.351s] Level 1:colcon.colcon_core.package_discovery:discover_packages(ignore) discover
[0.351s] Level 1:colcon.colcon_core.package_discovery:discover_packages(ignore) using defaults
[0.351s] Level 1:colcon.colcon_core.package_discovery:discover_packages(path) discover
[0.351s] Level 1:colcon.colcon_core.package_discovery:discover_packages(path) using defaults
[0.375s] Level 1:colcon.colcon_core.package_discovery:discover_packages(prefix_path) check parameters
[0.375s] Level 1:colcon.colcon_core.package_discovery:discover_packages(prefix_path) discover
[0.378s] DEBUG:colcon.colcon_installed_package_information.package_discovery:Found 1 installed packages in /home/youssef/ros2_ws/src/uav_adaptive_control/install
[0.380s] DEBUG:colcon.colcon_installed_package_information.package_discovery:Found 27 installed packages in /home/youssef/ros2_ws/install
[0.381s] DEBUG:colcon.colcon_installed_package_information.package_discovery:Found 25 installed packages in /home/youssef/ros2_ws/src/install
[0.384s] DEBUG:colcon.colcon_installed_package_information.package_discovery:Found 304 installed packages in /opt/ros/humble
[0.387s] Level 1:colcon.colcon_core.package_discovery:discover_packages(prefix_path) using defaults
[0.430s] Level 5:colcon.colcon_core.verb:set package 'uav_adaptive_control' build argument 'cmake_args' from command line to 'None'
[0.430s] Level 5:colcon.colcon_core.verb:set package 'uav_adaptive_control' build argument 'cmake_target' from command line to 'None'
[0.430s] Level 5:colcon.colcon_core.verb:set package 'uav_adaptive_control' build argument 'cmake_target_skip_unavailable' from command line to 'False'
[0.430s] Level 5:colcon.colcon_core.verb:set package 'uav_adaptive_control' build argument 'cmake_clean_cache' from command line to 'False'
[0.430s] Level 5:colcon.colcon_core.verb:set package 'uav_adaptive_control' build argument 'cmake_clean_first' from command line to 'False'
[0.430s] Level 5:colcon.colcon_core.verb:set package 'uav_adaptive_control' build argument 'cmake_force_configure' from command line to 'False'
[0.430s] Level 5:colcon.colcon_core.verb:set package 'uav_adaptive_control' build argument 'ament_cmake_args' from command line to 'None'
[0.430s] Level 5:colcon.colcon_core.verb:set package 'uav_adaptive_control' build argument 'catkin_cmake_args' from command line to 'None'
[0.430s] Level 5:colcon.colcon_core.verb:set package 'uav_adaptive_control' build argument 'catkin_skip_building_tests' from command line to 'False'
[0.430s] DEBUG:colcon.colcon_core.verb:Building package 'uav_adaptive_control' with the following arguments: {'ament_cmake_args': None, 'build_base': '/home/youssef/ros2_ws/src/uav_adaptive_control/build/uav_adaptive_control', 'catkin_cmake_args': None, 'catkin_skip_building_tests': False, 'cmake_args': None, 'cmake_clean_cache': False, 'cmake_clean_first': False, 'cmake_force_configure': False, 'cmake_target': None, 'cmake_target_skip_unavailable': False, 'install_base': '/home/youssef/ros2_ws/src/uav_adaptive_control/install/uav_adaptive_control', 'merge_install': False, 'path': '/home/youssef/ros2_ws/src/uav_adaptive_control', 'symlink_install': False, 'test_result_base': None}
[0.430s] INFO:colcon.colcon_core.executor:Executing jobs using 'parallel' executor
[0.432s] DEBUG:colcon.colcon_parallel_executor.executor.parallel:run_until_complete
[0.432s] INFO:colcon.colcon_ros.task.ament_python.build:Building ROS package in '/home/youssef/ros2_ws/src/uav_adaptive_control' with build type 'ament_python'
[0.433s] Level 1:colcon.colcon_core.shell:create_environment_hook('uav_adaptive_control', 'ament_prefix_path')
[0.435s] INFO:colcon.colcon_core.plugin_system:Skipping extension 'colcon_core.shell.bat': Not used on non-Windows systems
[0.436s] INFO:colcon.colcon_core.shell:Creating environment hook '/home/youssef/ros2_ws/src/uav_adaptive_control/install/uav_adaptive_control/share/uav_adaptive_control/hook/ament_prefix_path.ps1'
[0.437s] INFO:colcon.colcon_core.shell:Creating environment descriptor '/home/youssef/ros2_ws/src/uav_adaptive_control/install/uav_adaptive_control/share/uav_adaptive_control/hook/ament_prefix_path.dsv'
[0.437s] INFO:colcon.colcon_core.shell:Creating environment hook '/home/youssef/ros2_ws/src/uav_adaptive_control/install/uav_adaptive_control/share/uav_adaptive_control/hook/ament_prefix_path.sh'
[0.438s] INFO:colcon.colcon_core.shell:Skip shell extension 'powershell' for command environment: Not usable outside of PowerShell
[0.438s] DEBUG:colcon.colcon_core.shell:Skip shell extension 'dsv' for command environment
[0.783s] INFO:colcon.colcon_core.task.python.build:Building Python package in '/home/youssef/ros2_ws/src/uav_adaptive_control'
[0.783s] INFO:colcon.colcon_core.shell:Skip shell extension 'powershell' for command environment: Not usable outside of PowerShell
[0.783s] DEBUG:colcon.colcon_core.shell:Skip shell extension 'dsv' for command environment
[1.181s] DEBUG:colcon.colcon_core.event_handler.log_command:Invoking command in '/home/youssef/ros2_ws/src/uav_adaptive_control': PYTHONPATH=/home/youssef/ros2_ws/src/uav_adaptive_control/build/uav_adaptive_control/prefix_override:/home/youssef/ros2_ws/src/uav_adaptive_control/install/uav_adaptive_control/lib/python3.10/site-packages:${PYTHONPATH} /usr/bin/python3 -W ignore:setup.py install is deprecated setup.py egg_info --egg-base build/uav_adaptive_control build --build-base /home/youssef/ros2_ws/src/uav_adaptive_control/build/uav_adaptive_control/build install --record /home/youssef/ros2_ws/src/uav_adaptive_control/build/uav_adaptive_control/install.log --single-version-externally-managed install_data
[1.519s] DEBUG:colcon.colcon_core.event_handler.log_command:Invoked command in '/home/youssef/ros2_ws/src/uav_adaptive_control' returned '0': PYTHONPATH=/home/youssef/ros2_ws/src/uav_adaptive_control/build/uav_adaptive_control/prefix_override:/home/youssef/ros2_ws/src/uav_adaptive_control/install/uav_adaptive_control/lib/python3.10/site-packages:${PYTHONPATH} /usr/bin/python3 -W ignore:setup.py install is deprecated setup.py egg_info --egg-base build/uav_adaptive_control build --build-base /home/youssef/ros2_ws/src/uav_adaptive_control/build/uav_adaptive_control/build install --record /home/youssef/ros2_ws/src/uav_adaptive_control/build/uav_adaptive_control/install.log --single-version-externally-managed install_data
[1.522s] Level 1:colcon.colcon_core.environment:checking '/home/youssef/ros2_ws/src/uav_adaptive_control/install/uav_adaptive_control' for CMake module files
[1.522s] Level 1:colcon.colcon_core.environment:checking '/home/youssef/ros2_ws/src/uav_adaptive_control/install/uav_adaptive_control' for CMake config files
[1.523s] Level 1:colcon.colcon_core.environment:checking '/home/youssef/ros2_ws/src/uav_adaptive_control/install/uav_adaptive_control/lib'
[1.523s] Level 1:colcon.colcon_core.environment:checking '/home/youssef/ros2_ws/src/uav_adaptive_control/install/uav_adaptive_control/bin'
[1.523s] Level 1:colcon.colcon_core.environment:checking '/home/youssef/ros2_ws/src/uav_adaptive_control/install/uav_adaptive_control/lib/pkgconfig/uav_adaptive_control.pc'
[1.524s] Level 1:colcon.colcon_core.environment:checking '/home/youssef/ros2_ws/src/uav_adaptive_control/install/uav_adaptive_control/lib/python3.10/site-packages'
[1.524s] Level 1:colcon.colcon_core.shell:create_environment_hook('uav_adaptive_control', 'pythonpath')
[1.524s] INFO:colcon.colcon_core.shell:Creating environment hook '/home/youssef/ros2_ws/src/uav_adaptive_control/install/uav_adaptive_control/share/uav_adaptive_control/hook/pythonpath.ps1'
[1.524s] INFO:colcon.colcon_core.shell:Creating environment descriptor '/home/youssef/ros2_ws/src/uav_adaptive_control/install/uav_adaptive_control/share/uav_adaptive_control/hook/pythonpath.dsv'
[1.525s] INFO:colcon.colcon_core.shell:Creating environment hook '/home/youssef/ros2_ws/src/uav_adaptive_control/install/uav_adaptive_control/share/uav_adaptive_control/hook/pythonpath.sh'
[1.525s] Level 1:colcon.colcon_core.environment:checking '/home/youssef/ros2_ws/src/uav_adaptive_control/install/uav_adaptive_control/bin'
[1.525s] Level 1:colcon.colcon_core.environment:create_environment_scripts_only(uav_adaptive_control)
[1.526s] INFO:colcon.colcon_core.shell:Creating package script '/home/youssef/ros2_ws/src/uav_adaptive_control/install/uav_adaptive_control/share/uav_adaptive_control/package.ps1'
[1.526s] INFO:colcon.colcon_core.shell:Creating package descriptor '/home/youssef/ros2_ws/src/uav_adaptive_control/install/uav_adaptive_control/share/uav_adaptive_control/package.dsv'
[1.527s] INFO:colcon.colcon_core.shell:Creating package script '/home/youssef/ros2_ws/src/uav_adaptive_control/install/uav_adaptive_control/share/uav_adaptive_control/package.sh'
[1.528s] INFO:colcon.colcon_core.shell:Creating package script '/home/youssef/ros2_ws/src/uav_adaptive_control/install/uav_adaptive_control/share/uav_adaptive_control/package.bash'
[1.528s] INFO:colcon.colcon_core.shell:Creating package script '/home/youssef/ros2_ws/src/uav_adaptive_control/install/uav_adaptive_control/share/uav_adaptive_control/package.zsh'
[1.529s] Level 1:colcon.colcon_core.environment:create_file_with_runtime_dependencies(/home/youssef/ros2_ws/src/uav_adaptive_control/install/uav_adaptive_control/share/colcon-core/packages/uav_adaptive_control)
[1.529s] DEBUG:colcon.colcon_parallel_executor.executor.parallel:closing loop
[1.530s] DEBUG:colcon.colcon_parallel_executor.executor.parallel:loop closed
[1.530s] DEBUG:colcon.colcon_parallel_executor.executor.parallel:run_until_complete finished with '0'
[1.530s] DEBUG:colcon.colcon_core.event_reactor:joining thread
[1.538s] INFO:colcon.colcon_core.plugin_system:Skipping extension 'colcon_notification.desktop_notification.terminal_notifier': Not used on non-Darwin systems
[1.538s] INFO:colcon.colcon_core.plugin_system:Skipping extension 'colcon_notification.desktop_notification.win32': Not used on non-Windows systems
[1.538s] INFO:colcon.colcon_notification.desktop_notification:Sending desktop notification using 'notify2'
[1.557s] DEBUG:colcon.colcon_core.event_reactor:joined thread
[1.558s] INFO:colcon.colcon_core.shell:Creating prefix script '/home/youssef/ros2_ws/src/uav_adaptive_control/install/local_setup.ps1'
[1.559s] INFO:colcon.colcon_core.shell:Creating prefix util module '/home/youssef/ros2_ws/src/uav_adaptive_control/install/_local_setup_util_ps1.py'
[1.561s] INFO:colcon.colcon_core.shell:Creating prefix chain script '/home/youssef/ros2_ws/src/uav_adaptive_control/install/setup.ps1'
[1.564s] INFO:colcon.colcon_core.shell:Creating prefix script '/home/youssef/ros2_ws/src/uav_adaptive_control/install/local_setup.sh'
[1.564s] INFO:colcon.colcon_core.shell:Creating prefix util module '/home/youssef/ros2_ws/src/uav_adaptive_control/install/_local_setup_util_sh.py'
[1.565s] INFO:colcon.colcon_core.shell:Creating prefix chain script '/home/youssef/ros2_ws/src/uav_adaptive_control/install/setup.sh'
[1.568s] INFO:colcon.colcon_core.shell:Creating prefix script '/home/youssef/ros2_ws/src/uav_adaptive_control/install/local_setup.bash'
[1.569s] INFO:colcon.colcon_core.shell:Creating prefix chain script '/home/youssef/ros2_ws/src/uav_adaptive_control/install/setup.bash'
[1.571s] INFO:colcon.colcon_core.shell:Creating prefix script '/home/youssef/ros2_ws/src/uav_adaptive_control/install/local_setup.zsh'
[1.572s] INFO:colcon.colcon_core.shell:Creating prefix chain script '/home/youssef/ros2_ws/src/uav_adaptive_control/install/setup.zsh'
