running egg_info
writing build/uav_adaptive_control/uav_adaptive_control.egg-info/PKG-INFO
writing dependency_links to build/uav_adaptive_control/uav_adaptive_control.egg-info/dependency_links.txt
writing entry points to build/uav_adaptive_control/uav_adaptive_control.egg-info/entry_points.txt
writing requirements to build/uav_adaptive_control/uav_adaptive_control.egg-info/requires.txt
writing top-level names to build/uav_adaptive_control/uav_adaptive_control.egg-info/top_level.txt
reading manifest file 'build/uav_adaptive_control/uav_adaptive_control.egg-info/SOURCES.txt'
writing manifest file 'build/uav_adaptive_control/uav_adaptive_control.egg-info/SOURCES.txt'
running build
running build_py
copying uav_adaptive_control/trajectory_publisher.py -> /home/youssef/ros2_ws/src/uav_adaptive_control/build/uav_adaptive_control/build/lib/uav_adaptive_control
copying uav_adaptive_control/oiac_controller.py -> /home/youssef/ros2_ws/src/uav_adaptive_control/build/uav_adaptive_control/build/lib/uav_adaptive_control
copying uav_adaptive_control/px4_bridge.py -> /home/youssef/ros2_ws/src/uav_adaptive_control/build/uav_adaptive_control/build/lib/uav_adaptive_control
running install
running install_lib
copying /home/youssef/ros2_ws/src/uav_adaptive_control/build/uav_adaptive_control/build/lib/uav_adaptive_control/trajectory_publisher.py -> /home/youssef/ros2_ws/src/uav_adaptive_control/install/uav_adaptive_control/lib/python3.10/site-packages/uav_adaptive_control
copying /home/youssef/ros2_ws/src/uav_adaptive_control/build/uav_adaptive_control/build/lib/uav_adaptive_control/oiac_controller.py -> /home/youssef/ros2_ws/src/uav_adaptive_control/install/uav_adaptive_control/lib/python3.10/site-packages/uav_adaptive_control
copying /home/youssef/ros2_ws/src/uav_adaptive_control/build/uav_adaptive_control/build/lib/uav_adaptive_control/px4_bridge.py -> /home/youssef/ros2_ws/src/uav_adaptive_control/install/uav_adaptive_control/lib/python3.10/site-packages/uav_adaptive_control
byte-compiling /home/youssef/ros2_ws/src/uav_adaptive_control/install/uav_adaptive_control/lib/python3.10/site-packages/uav_adaptive_control/trajectory_publisher.py to trajectory_publisher.cpython-310.pyc
byte-compiling /home/youssef/ros2_ws/src/uav_adaptive_control/install/uav_adaptive_control/lib/python3.10/site-packages/uav_adaptive_control/oiac_controller.py to oiac_controller.cpython-310.pyc
byte-compiling /home/youssef/ros2_ws/src/uav_adaptive_control/install/uav_adaptive_control/lib/python3.10/site-packages/uav_adaptive_control/px4_bridge.py to px4_bridge.cpython-310.pyc
running install_data
running install_egg_info
removing '/home/youssef/ros2_ws/src/uav_adaptive_control/install/uav_adaptive_control/lib/python3.10/site-packages/uav_adaptive_control-0.0.0-py3.10.egg-info' (and everything under it)
Copying build/uav_adaptive_control/uav_adaptive_control.egg-info to /home/youssef/ros2_ws/src/uav_adaptive_control/install/uav_adaptive_control/lib/python3.10/site-packages/uav_adaptive_control-0.0.0-py3.10.egg-info
running install_scripts
Installing oiac_controller script to /home/youssef/ros2_ws/src/uav_adaptive_control/install/uav_adaptive_control/lib/uav_adaptive_control
Installing px4_bridge script to /home/youssef/ros2_ws/src/uav_adaptive_control/install/uav_adaptive_control/lib/uav_adaptive_control
Installing trajectory_publisher script to /home/youssef/ros2_ws/src/uav_adaptive_control/install/uav_adaptive_control/lib/uav_adaptive_control
writing list of installed files to '/home/youssef/ros2_ws/src/uav_adaptive_control/build/uav_adaptive_control/install.log'
