[0.709s] Invoking command in '/home/youssef/ros2_ws/src/uav_adaptive_control': PYTHONPATH=/home/youssef/ros2_ws/src/uav_adaptive_control/build/uav_adaptive_control/prefix_override:/home/youssef/ros2_ws/src/uav_adaptive_control/install/uav_adaptive_control/lib/python3.10/site-packages:${PYTHONPATH} /usr/bin/python3 -W ignore:setup.py install is deprecated setup.py egg_info --egg-base build/uav_adaptive_control build --build-base /home/youssef/ros2_ws/src/uav_adaptive_control/build/uav_adaptive_control/build install --record /home/youssef/ros2_ws/src/uav_adaptive_control/build/uav_adaptive_control/install.log --single-version-externally-managed install_data
[0.971s] running egg_info
[0.972s] writing build/uav_adaptive_control/uav_adaptive_control.egg-info/PKG-INFO
[0.973s] writing dependency_links to build/uav_adaptive_control/uav_adaptive_control.egg-info/dependency_links.txt
[0.973s] writing entry points to build/uav_adaptive_control/uav_adaptive_control.egg-info/entry_points.txt
[0.973s] writing requirements to build/uav_adaptive_control/uav_adaptive_control.egg-info/requires.txt
[0.973s] writing top-level names to build/uav_adaptive_control/uav_adaptive_control.egg-info/top_level.txt
[0.975s] reading manifest file 'build/uav_adaptive_control/uav_adaptive_control.egg-info/SOURCES.txt'
[0.976s] writing manifest file 'build/uav_adaptive_control/uav_adaptive_control.egg-info/SOURCES.txt'
[0.977s] running build
[0.977s] running build_py
[0.977s] copying uav_adaptive_control/px4_bridge.py -> /home/youssef/ros2_ws/src/uav_adaptive_control/build/uav_adaptive_control/build/lib/uav_adaptive_control
[0.978s] running install
[0.978s] running install_lib
[0.980s] copying /home/youssef/ros2_ws/src/uav_adaptive_control/build/uav_adaptive_control/build/lib/uav_adaptive_control/px4_bridge.py -> /home/youssef/ros2_ws/src/uav_adaptive_control/install/uav_adaptive_control/lib/python3.10/site-packages/uav_adaptive_control
[0.981s] byte-compiling /home/youssef/ros2_ws/src/uav_adaptive_control/install/uav_adaptive_control/lib/python3.10/site-packages/uav_adaptive_control/px4_bridge.py to px4_bridge.cpython-310.pyc
[0.981s] running install_data
[0.981s] running install_egg_info
[0.983s] removing '/home/youssef/ros2_ws/src/uav_adaptive_control/install/uav_adaptive_control/lib/python3.10/site-packages/uav_adaptive_control-0.0.0-py3.10.egg-info' (and everything under it)
[0.984s] Copying build/uav_adaptive_control/uav_adaptive_control.egg-info to /home/youssef/ros2_ws/src/uav_adaptive_control/install/uav_adaptive_control/lib/python3.10/site-packages/uav_adaptive_control-0.0.0-py3.10.egg-info
[0.984s] running install_scripts
[1.008s] Installing oiac_controller script to /home/youssef/ros2_ws/src/uav_adaptive_control/install/uav_adaptive_control/lib/uav_adaptive_control
[1.009s] Installing px4_bridge script to /home/youssef/ros2_ws/src/uav_adaptive_control/install/uav_adaptive_control/lib/uav_adaptive_control
[1.009s] Installing trajectory_publisher script to /home/youssef/ros2_ws/src/uav_adaptive_control/install/uav_adaptive_control/lib/uav_adaptive_control
[1.009s] writing list of installed files to '/home/youssef/ros2_ws/src/uav_adaptive_control/build/uav_adaptive_control/install.log'
[1.034s] Invoked command in '/home/youssef/ros2_ws/src/uav_adaptive_control' returned '0': PYTHONPATH=/home/youssef/ros2_ws/src/uav_adaptive_control/build/uav_adaptive_control/prefix_override:/home/youssef/ros2_ws/src/uav_adaptive_control/install/uav_adaptive_control/lib/python3.10/site-packages:${PYTHONPATH} /usr/bin/python3 -W ignore:setup.py install is deprecated setup.py egg_info --egg-base build/uav_adaptive_control build --build-base /home/youssef/ros2_ws/src/uav_adaptive_control/build/uav_adaptive_control/build install --record /home/youssef/ros2_ws/src/uav_adaptive_control/build/uav_adaptive_control/install.log --single-version-externally-managed install_data
