running egg_info
creating build/uav_adaptive_control/uav_adaptive_control.egg-info
writing build/uav_adaptive_control/uav_adaptive_control.egg-info/PKG-INFO
writing dependency_links to build/uav_adaptive_control/uav_adaptive_control.egg-info/dependency_links.txt
writing entry points to build/uav_adaptive_control/uav_adaptive_control.egg-info/entry_points.txt
writing requirements to build/uav_adaptive_control/uav_adaptive_control.egg-info/requires.txt
writing top-level names to build/uav_adaptive_control/uav_adaptive_control.egg-info/top_level.txt
writing manifest file 'build/uav_adaptive_control/uav_adaptive_control.egg-info/SOURCES.txt'
reading manifest file 'build/uav_adaptive_control/uav_adaptive_control.egg-info/SOURCES.txt'
writing manifest file 'build/uav_adaptive_control/uav_adaptive_control.egg-info/SOURCES.txt'
running build
running build_py
creating /home/youssef/ros2_ws/src/uav_adaptive_control/build/uav_adaptive_control/build
creating /home/youssef/ros2_ws/src/uav_adaptive_control/build/uav_adaptive_control/build/lib
creating /home/youssef/ros2_ws/src/uav_adaptive_control/build/uav_adaptive_control/build/lib/uav_adaptive_control
copying uav_adaptive_control/trajectory_publisher.py -> /home/youssef/ros2_ws/src/uav_adaptive_control/build/uav_adaptive_control/build/lib/uav_adaptive_control
copying uav_adaptive_control/oiac_controller.py -> /home/youssef/ros2_ws/src/uav_adaptive_control/build/uav_adaptive_control/build/lib/uav_adaptive_control
copying uav_adaptive_control/__init__.py -> /home/youssef/ros2_ws/src/uav_adaptive_control/build/uav_adaptive_control/build/lib/uav_adaptive_control
copying uav_adaptive_control/px4_bridge.py -> /home/youssef/ros2_ws/src/uav_adaptive_control/build/uav_adaptive_control/build/lib/uav_adaptive_control
running install
running install_lib
creating /home/youssef/ros2_ws/src/uav_adaptive_control/install/uav_adaptive_control/lib/python3.10/site-packages/uav_adaptive_control
copying /home/youssef/ros2_ws/src/uav_adaptive_control/build/uav_adaptive_control/build/lib/uav_adaptive_control/trajectory_publisher.py -> /home/youssef/ros2_ws/src/uav_adaptive_control/install/uav_adaptive_control/lib/python3.10/site-packages/uav_adaptive_control
copying /home/youssef/ros2_ws/src/uav_adaptive_control/build/uav_adaptive_control/build/lib/uav_adaptive_control/oiac_controller.py -> /home/youssef/ros2_ws/src/uav_adaptive_control/install/uav_adaptive_control/lib/python3.10/site-packages/uav_adaptive_control
copying /home/youssef/ros2_ws/src/uav_adaptive_control/build/uav_adaptive_control/build/lib/uav_adaptive_control/__init__.py -> /home/youssef/ros2_ws/src/uav_adaptive_control/install/uav_adaptive_control/lib/python3.10/site-packages/uav_adaptive_control
copying /home/youssef/ros2_ws/src/uav_adaptive_control/build/uav_adaptive_control/build/lib/uav_adaptive_control/px4_bridge.py -> /home/youssef/ros2_ws/src/uav_adaptive_control/install/uav_adaptive_control/lib/python3.10/site-packages/uav_adaptive_control
byte-compiling /home/youssef/ros2_ws/src/uav_adaptive_control/install/uav_adaptive_control/lib/python3.10/site-packages/uav_adaptive_control/trajectory_publisher.py to trajectory_publisher.cpython-310.pyc
byte-compiling /home/youssef/ros2_ws/src/uav_adaptive_control/install/uav_adaptive_control/lib/python3.10/site-packages/uav_adaptive_control/oiac_controller.py to oiac_controller.cpython-310.pyc
byte-compiling /home/youssef/ros2_ws/src/uav_adaptive_control/install/uav_adaptive_control/lib/python3.10/site-packages/uav_adaptive_control/__init__.py to __init__.cpython-310.pyc
byte-compiling /home/youssef/ros2_ws/src/uav_adaptive_control/install/uav_adaptive_control/lib/python3.10/site-packages/uav_adaptive_control/px4_bridge.py to px4_bridge.cpython-310.pyc
running install_data
creating /home/youssef/ros2_ws/src/uav_adaptive_control/install/uav_adaptive_control/share/ament_index
creating /home/youssef/ros2_ws/src/uav_adaptive_control/install/uav_adaptive_control/share/ament_index/resource_index
creating /home/youssef/ros2_ws/src/uav_adaptive_control/install/uav_adaptive_control/share/ament_index/resource_index/packages
copying resource/uav_adaptive_control -> /home/youssef/ros2_ws/src/uav_adaptive_control/install/uav_adaptive_control/share/ament_index/resource_index/packages
copying package.xml -> /home/youssef/ros2_ws/src/uav_adaptive_control/install/uav_adaptive_control/share/uav_adaptive_control
creating /home/youssef/ros2_ws/src/uav_adaptive_control/install/uav_adaptive_control/share/uav_adaptive_control/launch
copying launch/oiac.launch.py -> /home/youssef/ros2_ws/src/uav_adaptive_control/install/uav_adaptive_control/share/uav_adaptive_control/launch
running install_egg_info
Copying build/uav_adaptive_control/uav_adaptive_control.egg-info to /home/youssef/ros2_ws/src/uav_adaptive_control/install/uav_adaptive_control/lib/python3.10/site-packages/uav_adaptive_control-0.0.0-py3.10.egg-info
running install_scripts
Installing oiac_controller script to /home/youssef/ros2_ws/src/uav_adaptive_control/install/uav_adaptive_control/lib/uav_adaptive_control
Installing px4_bridge script to /home/youssef/ros2_ws/src/uav_adaptive_control/install/uav_adaptive_control/lib/uav_adaptive_control
Installing trajectory_publisher script to /home/youssef/ros2_ws/src/uav_adaptive_control/install/uav_adaptive_control/lib/uav_adaptive_control
writing list of installed files to '/home/youssef/ros2_ws/src/uav_adaptive_control/build/uav_adaptive_control/install.log'
